------------------------------------------------------------
        Haribhau Automation Systems
        File Checksum Report
------------------------------------------------------------

Directory        : C:\Users\asus\Downloads\Python
Log created at   : Fri Feb  6 15:08:41 2026
Total Files      : 170

------------------------------------------------------------
Filename                       MD5 Checksum                        Size (bytes)
------------------------------------------------------------
123.py                         a30f2b95bb2a611e5cca07b6568a552a    17
AccessSpecifer.py              67fc473082170fb124799c1adf1c9fae    284
BehaviourAll.py                d9b6f8ce1af7c219b1fca2ce912d2e75    561
BehavioursInstance.py          68799249a41c6de52f4b803ecc366dcf    463
bhau.py                        89015112a277d694b91321b1760b2918    1008
BhauX.py                       ad70a41ffc0ee43568c3c79a7925efb5    525
Binary.py                      1a92b1f720af8c3aab6dd3eade304903    49
BinaryX.py                     93ea91586fcaa6bf7ef25bf2118c0310    142
BinaryXX.py                    8501356846fc5c56ef78fb16f15d9ed6    136
BuiltIn.py                     eece2d53900cc2c5a5f79d3af234c69c    75
BuiltInX.py                    9380a7182ebaa8f73c1112661d014342    80
BuiltInXX.py                   fd48db4753b803e8d033004a2b7aee0a    77
BuiltInXXX.py                  6e98939ad798829efe387b455cff4297    97
CharacteristicsAll.py          1ddf8138fa20f87436802534b372ff25    401
CharacteristicsAllX.py         98ac00ec67f4f229fc011901cc578a87    677
CharacteristicsClass.py        6607c8a9b1021ddf6bd09b49ad164595    239
CharacteristicsInstance.py     604316ba9aa002e3eb21f58fa44e45c6    365
Class1.py                      1f65cad40810e990d405de49a8a59bb2    195
CommandLine.py                 dd08041ba50eb544829cc16a58895106    84
ConstructorDestructor.py       7154d573dd3f54e0577d08324d896ddf    280
ConstructorDestructorX.py      acf131ef0160e98835faf4b7ffc44db3    254
Data.py                        84fbc95d8cd37ac11b0df9f6647fb659    123
Datatype.py                    dcb5861999a65d1a2fe700c90844e0fe    130
Default.py                     0fa7962d14d695677c8d94c48b756ed2    321
DefaultX.py                    bcc5541ae59418299c02cfd4a55192ca    377
Demo.py                        8bd28f0bf47b4a0d2af1f7bbe08a727b    81
DuckTyping.py                  33d41f391ecb99d6ab51046f61d7f621    665
Encapsulation.py               a276c85dc0a9f4688ba20005fbc77d4c    853
ExceptionDemo1.py              6611ccb4ab90bc1ea973eaeb182a2bac    221
ExceptionDemo2.py              de0c8f40e766ebd885f6e38c8f95eef3    424
ExceptionDemo3.py              82f9233b562b41748aa35d221fd7650b    619
First.py                       83be7741b89c5db86b5488e37ef0a58a    22
FMR1.py                        4239c32a45a4b2d96db25c6b207fe173    251
FMR2.py                        66b4531c8e8591bfa7a787c5357a9d28    367
FMR3.py                        fb01735a668627cf17d0f90227fb3eba    505
FMRLambda1.py                  bccb1d7f0270b9b3e94226f6a9b27cab    606
FMRLambda2.py                  2535e166c8c755fde22e086efd734067    483
FMRLambda3.py                  bfd721c713b98dd99a030a5c7178232a    434
FMRModuleClient.py             35e403e26b28db4709601b64d2b6f5aa    506
FMRUserDefined copy.py         d19788f2fefe50d26cd7ba34c97fa69d    661
FmrUserDefined.py              bb47792c285a6680975eba208a7cdf24    732
FMRUserDefined2 copy.py        4aca500ad8d8c3df9d79cc87d9f152b0    802
FmrUserDefined2.py             8ac02eb83144589732140e865fc4b2e8    885
FMRUserDefined3.py             a72495453c2af0712e55586d8d483f23    882
FMRUserDefinedClient.py        a0efe13362f22bfc32230d3c0f8c7a8e    537
Function.py                    d1c578d8eb5b7766bd5909e4754c7f55    130
Functional.py                  e16aa6723eea180331665d11c1951d22    496
FunctionDemo1.py               3e748f4c0170779b955dc9c4be15748b    87
FunctionDemo10.py              85d82b5e452b68a361bb7d4d5d3db7cf    209
FunctionDemo11.py              c9d2aa53dc9f09df132d45e7947d4431    203
FunctionDemo12.py              e90102fb705789b7d2eca33bcfe30f9e    202
FunctionDemo13.py              6b14a072c74f94cdaf6a4fd4e4b5ba0a    212
FunctionDemo2.py               1b84f599b57d537e2a8c9c0769028294    99
FunctionDemo3.py               96f5eab33d6f7531ff5eaabec187a854    133
FunctionDemo4.py               120311b0afe6400ca1e021c10dd85680    179
FunctionDemo5.py               77501b96f8a8966b694103d7a50c9456    226
FunctionDemo6.py               66c84a043f87f4100fd9f2afb867189a    235
FunctionDemo7.py               ee3070db5e23ac74f9988fc666aec149    328
FunctionDemo8.py               a2f4fda6135269a3d0e4444d117ba428    418
FunctionDemo9.py               8f1490bbbb5973522cad160dd0912b9f    209
FunctionIndustrial.py          b5397a27f703d9f772386fcbc8e34e84    289
FunctionIndustrialX.py         c09791c518a56eb8882ea76901b65442    360
FunctionIndustrialXX.py        2c56a7c4f4d0722063951b5e74651966    313
function_1.py                  655630290f7f0d35de16086ce2956531    73
function_2.py                  0c9ce98ceef557d2408fd0a9c04b9179    151
function_3.py                  6dbe2c70a90b63436868ce33296bad8c    161
function_4.py                  60ef0de5741a405148a6872f317a799f    383
gpu.py                         cd7436453e06f2fc3d6a0543b1e5338e    210
hari.py                        2d778994aaf72be29be239bca4d57280    269
haribhau.py                    025817428c9965de71215d37e64bc73b    994
haris.py                       a9b26030d13311fa6d468adf075e4588    372
Id.py                          41c326f80d53f2d7d92b05241700fadc    90
Inheritance.py                 f8a2e5c341a2ca62c559b84e90262193    465
InheritanceHierachy.py         415533eea5768aee966f50b2741beb71    89
InheritanceMultiLevel.py       38e175a2bc7b00cc6bf74e39e2705771    91
InheritanceMultiple.py         8d88c612e413b8deea8ab7c11ce9a455    93
InheritanceSingle.py           9e3e83fa91088837e52cbb6eb610e1ce    127
InheritanceX.py                d25e00368a4538515231265fa2559b5e    613
InheritanceXX.py               c36fc6c363a03b2f57a1d3b3f97e2748    482
IO.py                          42a616be1ffc0cf3a3df5abdc7ffd14f    135
IOX.py                         8ac8d8a1c14708a25970d4e487b1094c    119
IOXX.py                        03ec0b1fa1304f7c651d1b2e383ae055    217
IOXXX.py                       0311d86206961f9cdd16e335eb4d3e41    182
IterationFor.py                e06fb1b35d4edc39db94c70fac723bc9    172
IterationForX.py               acf515b0b7e7d94bb7f98c60fdd2d39d    46
IterationForXX.py              7bd8d5b28367c5043df5c2c61474ea67    203
IterationWhile.py              2a260ae55a0993057409feb2ea2c47c8    58
JAADU.C                        07f82329566491bf3fdea39431bec548    639
Keyword.py                     32c88cdd1be6ab20256c9b19b8c74d14    512
KeywordX.py                    101afb0593fd17f0faa0afcaf666f22b    314
Lambda1.py                     300102c82deb9bf8844e9e103d114493    96
Lambda2.py                     bffa89d063494eaf72efd86ccfec25ee    354
Lamda1.py                      bf4666cbf8ab009e629a4dc100fd539b    99
Lamda2.py                      6ce5401a157786afc0c3a2d3efb9426c    360
List1.py                       78c014646ca5ab56c41319bc856d553f    272
List2.py                       fa6a7cf2d71cf81386e76014f79d6141    145
ListDynamicInput.py            9e6577a2e01bc1fb83aefad4e6336170    327
ListDynamicInput1.py           d639634f1687fbf7f606cf6e35f55238    306
ListDynamicInput2.py           b2bb1df692f501bafb87c0200de8201d    396
ListDynamicInput3.py           40fcc8fa9c27c55caaab713dcf1856c5    478
LocalGlobal.py                 dd0f2eb4051a13dc2c722943c5849dfe    127
LocalGlobal1.py                cb430c55adb75fe8e1b05b42f580f644    161
LocalGlobal2.py                1314ca41b15758fd81c4354da5429b8c    133
LocalGlobal3.py                7798dbf1cdb3cb6e3c383e02324e95ab    257
LocalGlobal4.py                3ee3caa876f6afa77040c1da4fe27cdc    259
Magic.py                       ceb98a2660fc5abe15f39644a93f99b8    192
MagicX.py                      9ca09853aef9f062c01d297d4a3fec7f    710
Main_1.py                      4f79d835d481afefe619312e9d839032    363
Main_2.py                      621da86ca6244ad794ab462570ed08ff    409
Mapping.py                     0ae351515fed2289d19517aca17adbe5    147
MappingX.py                    6992e781c29c7cd5a1fb444455cbf85b    186
Marvellous.py                  ff861b946a0c6638d88d01eab24bf91b    194
MarvellousFMR.py               502b56af93307b47f4f4dc88cf944e1b    461
ModuleClient.py                28c960e02d1690f422014eafd205f407    259
MultiProcessingPool1.py        7f369a446e38cea37970f04883939384    229
MultiProcessingPool2.py        09f8d434a6d41988563b8808a4ba5e3c    228
MultiProcessingPool3.py        60fa0532f1fde4000cfb49838b0f6254    745
MultiProcessingPool4.py        aca81d5425e8bd7fde7e82d6e45b304d    725
MultiProcessingPool5.py        2730c5a16bf0cbea05e8f9f7937c005c    795
MultiTaskingProcess1.py        69fcd7a5e0f252760808efb9a0bc2d7b    1020
MultitaskingThread1.py         df24d252390c50a003caf53511165c94    99
MultiTaskingThread10.py        cab63be7cd9fc13b53093fa68bbf3fda    380
MultiTaskingThread11.py        780a60b73c95a7b70573ce8e1c34e09b    503
MultiTaskingThread12.py        afbe5df0159353e174da658ff8fb258a    651
MultitaskingThread2.py         a531acbb56d28c37fe1e016ca7a1de52    311
MultiTaskingThread3.py         e1ce019ea7fc0d8360c89a6344abeafd    370
MultiTaskingThread4.py         956889fca01395dc61ddcacd4c9f2e91    388
MultiTaskingThread5.py         11b4c669920d393a5aa65c8edb1d9e7f    470
MultiTaskingThread6.py         f1a8867cce8a4efeb551200861c79667    424
MultiTaskingThread7.py         16221e6328a8f9411257a7cccb29f9a0    149
MultiTaskingThread8.py         9a3a5285c5301caed787bf3ec153914c    247
MultiTaskingThread9.py         deded245096c9f3b7c3be457c6a343f9    274
None.py                        6d7414d680986e08a8b26cd4fd48f904    42
ObjectOriented.py              95562b8a40f9f0b3f21b9d5c5f78302f    478
ObjectOrientedX.py             2b60eea16a524d79a513a8826ac5da07    482
Positonal.py                   6b2f4908fb324b1ad0ee76cf95dbe522    403
ProcessID.py                   c5334929fa548062e91967a0bd535abf    168
Prodcedural.py                 bbdaca44f099105ab56daec495fd4911    373
range_1.py                     ee77510b3cb9e6fac25d774922465b75    98
RevisionAll.py                 ae92ee1e0fac77b916fe1e44b937f2bf    220
RevisionDatatype.py            393e941847490e0a6ea9ce80d3fff232    296
RevisionSequance.py            94993b6928771962ca15b7a108b905d1    148
Scripting.py                   c947c47039a1d3319129e2d7e069b5ff    303
Selection.py                   fb76230708458ac4fe66fb38a2471b14    96
SelectionEven.py               1360fe1742917c519834fc2df24abc60    101
SelectionEvenFunction.py       a138ef7ffcc6e224a31e5901826f8ef8    235
SelectionEvenFunctionX.py      7b6e3c53b041294d3cabc9f6ed8fd255    261
SelectionEvenFunctionXX.py     6cf57d6e43a67f04c4ba6911bf4f5550    195
SelectionX.py                  debb2334362203ce372cad7326d8a0f1    36
SelectionXX.py                 7393cf809422152ab28908cdd47f4265    139
Sequance.py                    b06c0e8fbef1d51a2ae396d77f65a5e0    181
SequanceX.py                   50026311cf4e417516d9529f1a5ce7d0    304
Sequence.py                    09ae2d0c30e1e5eb4811208554edaeee    193
SequenceX.py                   05e186c7cb5256c4204996a8fe112a16    353
Size.py                        0e8942433784fd6581b84d861ffb0f3e    211
Solution.class                 d4adbaad958bad2602e036ae1a646bda    605
Solution.java                  35d6ab483b6c599718152fa8607e23f7    546
Special.py                     71d1ca323d14c26eec464fdabcd20d7b    15
SpecialX.py                    4c4293d514561753d27f4e6af754a2f0    99
Test.py                        83be7741b89c5db86b5488e37ef0a58a    22
ThreadSync1.py                 4801205a592a20b701aeb74d623b60ad    389
ThreadSync2.py                 228f6e1fd8ae080446f61e6a0ca13f82    511
ThreadSync3.py                 d97d929042788c271ca8cad5a40fb47d    603
TimeCalculations1.py           0d1e935553e51839061be930f9ac5e72    351
TimeCalculations2.py           1adc6f761c66d946650f0c7a41a384f2    480
Type.py                        08471dec47cf85212993a9517edc4bb3    230
UserFunction_1.py              d0b7dda24977f9a5c7c41b190a96473a    148
UserFunction_2.py              d8dba036a50ca3a4ebd0f7a518604ee7    255
UserFunction_3.py              d60fe2810d49dcf756f8a2c776749c99    560
VariableArgs.py                81e0e8828c73a67a2ba08a1c15a62f93    248
------------------------------------------------------------
