------------------------------------------------------------
        Haribhau Automation Systems
        File Checksum Report
------------------------------------------------------------

Directory        : C:\Users\asus\Downloads\LB
Log created at   : Fri Feb  6 15:14:50 2026
Total Files      : 371

------------------------------------------------------------
Filename                       MD5 Checksum                        Size (bytes)
------------------------------------------------------------
a.exe 88686f763e354b5cd6c94a0783904629 40764
ArrayX.class cb3797e4e2f1ba2048c554ca5ad4dac8 913
LB readme.xlsx 2102d7d4015af9e0d1a22876007f379c 21731
Marvellous.class 5a02d0973fbb565237500dcb15ef3b13 460
Marvellous.py 83be7741b89c5db86b5488e37ef0a58a 22
myex.exe b7f50879dbcd5328a941080125d59e1a 41477
myexe.exe 3bd50676a1e1b3e26ad7fc0d160d2b7b 49146
Pattern.class 0e49bba7da4e40ece33eaf19bfcadc20 403
PPAFrame1.java d41d8cd98f00b204e9800998ecf8427e 0
problem28.c 05a9d7d6ed9629f0b23e4f5b361bb78c 229
program1.c fac602c1c861da70d225238bf172b58d 79
program10.c b8b3ed2c1d0f75b6956f1bfce4fccec9 2251
program10.cpp 94b5430f21b2316a238aab30f0dcd92d 2361
program100.java cec2f7136c0050f222a1e4653e8fc01d 825
program101.java 14e7fd8cfcc4378889a20c3a1a2de31b 1240
program102.java 8b94b753e78649e78311c540a0a17638 1442
program103.class 86664cd5a8653cf1e9192bc68764b8f2 334
program103.java 1a8a9c07932c9276cd64491476ec79d8 354
program104.java 705af9f91176099b1727f02aa930924d 880
program105.class f477c01a5637af300885a16598d14f1b 478
program105.java eb20dd12ea0d0a60b5b12c380d683c32 1063
program106.java 6579e104a929da4bd95e2a43839d77ca 1159
program107.java 11c948478d730037fb2bf91e1d112af8 1004
program108.java 7abe5fdd180aaf329879a4075feb548c 1226
program109.c 39ae82f3d778d4060efa3d0368050278 197
program11.c d2db6c63b8e68047e6b24117dc8298af 2511
program110.c dbd7793031f638108748541b6cd1e772 192
program111.c bb96c895edda185b533018baf3e39c57 184
program112.c 296dc508c2399012438110cbe805ff69 252
program113.c 431a284ebd421348a50a931281f61d27 257
program114.c 46dff17609a9f0603dd48f7313d4e019 249
program115.c 81e3c697a1945ceb9900fcdb496b752b 249
program116.c 4b2ad80724bdbd06f21debd66b7fbd61 251
program117.c 362352c19514d4431864af5b7ca5ede5 247
program118.c 9ac553503a3a5fe0dd0ce365dc5c8678 248
program119.c f6125d595c2497be7afe8292634e0dab 267
program12.c 1968a6b57e438a3f0dc3734cd5b8bbc6 550
program120.c 6c0ce5241bfda8da91c6b409e1314d38 267
program121.c 63393c993245005b7c102601a6f9f01d 248
program122.c 22683006c68aad6ff8e18a58ccca07e3 267
program123.c 9410ed2e6509fd920520c32ef81707f8 560
program124.c 98d45c80a0eec9a7bee505e2cbb7ffca 658
program125.c ea77064680c6cfc321ce6d2a8e343382 673
program126.c 98e5a356843e1a82af004b594b9232ad 687
program127.c e3bf9816b78dbbf7e77afcd5b8ab8050 667
program128.c 5b0868555ef2e2e2df57491caf3b8b29 778
program129.c 187919ec1ce9f4f92d1f941a54a8cb8c 840
program13.c 0b90ac8492cf08de0bc358f9b23f4b4e 406
program13.cpp e3fdcb8312a8ef8d808171efe9a53362 438
program130.c 5586bf3374e18d3be0acb2b3323783e6 837
program131.c b47e1f05996b44720ce7dee98b4135e3 808
program132.c a14d5284063aa1bff2aeb4483481e7af 812
program133.c 7da474a946322fd1cd1ddb62a1a19916 678
program134.c 93ce4e7ebf5021b9aa9fcc1865663cf0 699
program135.c 9b63026babda66f04dd07ada1b5e623c 939
program136.c 5f0d3a7fbbba0fe2d87568b40a36c7c0 1064
program137.c 269f4d9c3269bfa92413dcd79bc79dbd 1270
program138.c 028a22c2388f1e7b654297fa69e9e4d0 1291
program139,c.cpp 2c7ee631a659ae8b2865f125d3e60b9e 1384
program139.c 57c10f4aca5ae3551bc98788355c8694 1260
program14.c cb89af5c7fcfda01ae65139154a2ddc2 514
program140.c 951763df0f43ff95016123dcb73521e5 1225
program141.c 99d44216518939fda482a2029a575d59 1203
program142.c 0692cf234e7b3523647ba19210adff85 1190
program143.c f04d2d6178afa630600018038e23b6ae 1230
program143.exe e185b1a296825a2d71891b2bd9a251e6 41479
program144.c 30e9a826f68d0f41bc1b66e1f1a10ce5 961
program145.c d8f91728890c3439d498ebdd1b0fef34 965
program146.c bfc2edf3216a82d936e83802413c14c1 945
program147.c bec9458ee319744d6d756ae64607bdef 945
program148.c 3f1811fe24681d8869933f72f108853b 921
program149.c d1f9e1345a774db4786d90797172f184 323
program15.c 23f3e4782b8f4976bc01dcbd1656dc09 479
program150.c dcae1433eb6200d1463416d5f33dde04 818
program151.java ce45a19ee2c36f766b6c022fdc17f19f 274
program152.class 698a674ef2ac59aad3a558e76e2e84d5 323
program152.java 816d3c4622496188cea91638abc866d7 583
program153.java 0cb54a2e2dfc4ddc9f8c664d1e1637ff 587
program154.java 0d1559d8327228742583030011f7b0e5 741
program155.java e2ba34dac659de662a6725c7bf4356ae 771
program156.java 31d9aa97958ebd0893d29690d39a3f98 626
program157.java dab449283366b5d7af5d6da1f8d007f8 633
program158.java ddbc69100b6bd482592e26ff3def3319 635
program159.java ffb961885a2fded1539f4903b46920da 599
program16.c 7bd21a31a386f68ffc3af8e6ac730d16 1252
program160.java 5efcb67297567285ba28914fdef0a328 727
program161.java 2b71c3a7cad64996c82706929c00de0c 616
program162.java 8bf65177457caf534ebc1d2bbe42b813 862
program163.java 32bcd310366e3bc8d3134b314d1ab1d4 815
program164.java 54b2609cd5de69ed4456b3d2740de18f 840
program165.java 70e4c9e5a2ff032fbb7f02995c71cda4 840
program166.java f88671a9a97548f805b524e280165c61 852
program167.java 30b1241414eb458a9dcec8a6751ac692 852
program168.java 3dc77c8edf4661f631a8e6f81a0c9475 1026
program169.java c6abe29654394f8f5375305707ef2860 1027
program17.c 390652c757d7fbe3fe70ace14216e60b 409
program170.java 03c782f2ac047739104c493ed6ca6c67 1031
program171.java c61cdd76d4ba556d66c92b4f112bb500 696
program172.java 207c3ec2a73bf82510644d5c4c929788 708
program173.java 097be4aae6d79334ce23253e8edf517d 696
program174.java 7164bed555a573a22967dc87b1ccab02 696
program175.java aabda1566adb4895700e49fbfb7dd01d 732
program176.java 476d118a8c4c67119cccef6e18046bb3 731
program177.java df3852bb28bcf7c96fd842c0b2d2cbf1 869
program178.java 24ed1b14b2efc75904fe2f42fa7b4a67 702
program179.java 81e41ecb04d5bd98f58065cb10bce4ea 930
program18.class b791b696819230d977822bbbaef09746 461
program18.java 49ee673388c4191824e5248c41e2440e 291
program180.java b9ca68f473276c7be0868767fde19b0e 941
program181.java ef8a558d241a53707fb9b72526f4f597 905
program182.java 103880aa8bf462b4414790f6865815f1 1090
program183.java 8db26cfac5e2fde0a7e0f31550698574 1133
program184.java 023d7c7287041267b34f247ebaaae6ae 1156
program185.java fea20d501fb7217fb8945ee366f8e879 1156
program186.java c995aa5e4ad8f81a2587819ad0757b6a 1057
program187.java 59b62d86130e9ffe4edcf23ff1bcbc8d 1296
program188.java ca1198736553cd1b757d87d57b4510e0 1317
program189.java e4d422b8490aabee9bf8f547721900cb 1276
program19.java a4163d41298a6508dddf721ccf576388 331
program190.java 0ef5e35e0d5099c2c8c323df00a21b70 1275
program191.java ec4c96de020a84712475eb43483ddfe4 1406
program192.java b15a3e72c2c6cf5439e869c5b24554d5 1407
program193.java 418d7ab2b94c17cbdde229409e9ea51e 1402
program194.java 4a93d1e0e7e804920916d2979b410939 1159
program195.java 3dc9b37e910d78174642a4dd0225082b 1089
program196.c 6e816889e493b8a5b510c70f3847a4fe 256
program197.c c58eafa179f9bd5ec2b3c4c0820cf4c7 271
program198.c 291450d30e22b71faf50bcec6c31dafc 109
program199.c de3b612a64814e70148e604fa7fc4173 384
program2.cpp 4d44d4c952688afa07bf6c259096c6b9 99
program20.class 120a540cc8c272818d1db57f9e6e937b 527
program20.java 1e631198cb6db002e5dec0c5d28632e3 350
program200.c 9e39f032c016cbbac87d3268baaa3b5f 384
program201.c 792a6101fd4f80d41c3dc41f95b90554 419
program202.c 2b0e67a84ed083702ceb119ce44957ef 354
program203.c e19860b06a5e5f4c1b159a57bd129a52 467
program204.c 1efd8f9454223ba58e2e55d36b85ba2b 440
program205.c c74069c2fa50d880c6f5549fad94b5a7 487
program206.c fcfc187587eab5111f2e8f0868434972 487
program207.c 4737fb7b924f9cbdf77f3d014fbe0144 496
program208.c 409b9519fdbf29704017bc0fa067dcf4 537
program209.c ad678dad1b16b8adc8edc82f995dc983 99
program21.class e90603e6e040af7c8d24f6207d4e16c8 324
program21.java 4a9d39aeb69c4e9c161903364719619d 410
program210.c de53fdced330a9380c8cb2f3bf5edc54 118
program211.c 27673122bf28e333073aa6c85ea12ffb 240
program212.c f5f0c2a923111b7dc220b58d0d32c0a1 173
program213.c 27a111c433cae4d06b23d2d3ffe9b139 180
program214.c 0facc49d1c85b34a23c496fc9e241c48 286
program215.c 053fc0c3af156a991e5bf482fedc7918 269
program216.c 6ecfb9fd18b557678df5b0f40f3f548b 270
program217.c 996236881b9b5f1a22c3aba813135243 373
program218.c 77fbaa807f0b47bb9960ea1fa7caa312 414
program219.c c083ef44e8899bf9910c6a650d4953e3 414
program22.c 03e29cfbb9f32cd010ebdc76f5e18e95 230
program220.c f82b00097ea37bc1251d53761afc0500 429
program221.c 5e28e5053c233154de7b564d14afe7da 526
program222.c 7b452f41623432a7c0e8088ac5e9b190 620
program223.c 7bd6377ac22f69644d1d84612759d6ee 456
program224.c bc5cd7e16506599bd018a8736bc68ce7 561
program225.c e79fde80309630b6ca23fe9b1c19ee1d 589
program226.c 762a78198d0fc23282faeb49c1f78bd2 602
program227.c 151ca46091f1ff89ec039dc6487eedb8 459
program228.c 82202ef67d8f57475896585408eb5817 460
program229.c 4881f7fda15f4bc647043da15cfef03b 466
program23.c 75df7920dc94a64e4f755409c5979a98 219
program230.c 0b5ed90630aeb6f66cff1e01a835827f 579
program231.c aab2159be86a76572e372fa9c6a00930 614
program232.c 60b07dc01fd89c8f05097d103f693024 404
program233.c 5e045b1a0f639be8859482841b3d26ae 406
program234.c 432e11e67a64198cdca155491c4f2df9 385
program235.c 14ec5181eaa525dda35f8e242c75d271 360
program236.c 55e37ef0f47f73c8e7445286b435c1b3 375
program237.c ab64637134b7ad473042cf23cc6c85b5 383
program238.c 485e5e8acf623edf25601d8423415e5c 383
program239.c b1a6c347a595d422a1442a99ad42f055 483
program239.exe 15a05e1f7824a85953cb1e388fd3ea97 42645
program24.class f7b0e0c1f00b6b2ec995a4c580011ade 324
program24.java aa5763d4083eab3d11a53d4cb66ef27c 344
program240.java b05ff0ac758e82db3b56bba9bc8e654e 274
program241.java 25cdfb7aa63d38e1754ab81d3948dd84 341
program242.java e7477a109d716dffe11c4ee5213794cc 497
program243.java 7225d4a6c0b832a13319b9da971510a4 426
program244.java 74f77f4c29efea2bce5342152662d26a 524
program245.java e8c05da0419441056edddd9411512a92 377
program246.java 4b05ae0f4cf32432cef61f0f5c9f99de 472
program247.java 80624434953bb3f356df16eb6b799cf6 419
program248.java beb6885ee9ee18ffbd37e01c39bd21ca 556
program249.java c7a3d573f22a804f690f1fc740c52de9 747
program25.c 16a033684cd9e65ac03edee32447f6f5 218
program250.java 9bdd39b06d95b2283c5fc73ec80bbfc7 773
program251.java 8c6734ceb63a4d4dd564f518b36022d7 779
program252.java dc9566dc9781ddd3cdeab42445ec07cd 632
program253.java 077b90d9a39c6cf8fc5d56dff92d53f3 617
program254.java 19bf4f7f0f935dfe750ddf993fdcee51 619
program255.java 621ac084aff802d9763ea7cbb2952d57 819
program256.java 366e4b8929dc0b0692c2bbd9810c330f 953
program257.c 729e9e661a10f320b5dc146de723f769 380
program258.c 17b09477dad3f926be5de50b9a5860e3 536
program258.exe f0787bd5f064310629bfae97a0014642 41465
program259.c 4e0d23435bc9faa807579512dd6ec619 370
program26.c 4d80e8a3223ce9aff33f4f140e6d490f 334
program260.c 7490d8e97053cb8244dd040e621a4cb8 501
program261.cpp 43f95014340c7374445f111cd4f69408 249
program262.cpp aba68acfd8f869519fb61d7ea16e591f 260
program263.cpp e5020e2cd7bda3290ae2ac65c3ee42d9 566
program264.cpp 6b2d004a522aea5dfc76803fc4039311 317
program265.cpp 31b0bc9c3cddb6d22c377b9fbb66522b 335
program266.cpp d54a29ff72cbd42d8621341434d2abb4 339
program267.cpp 0395aac73d7598e14c2939e3e4b85df8 460
program268.cpp 5419715af7882bdf83ff5305eb726e00 375
program269.cpp 7d4ac590c268273bcb4ce0e822e0b636 403
program27.c 97a302c1b260a41daaa58015fc14b516 435
program270.cpp 83a84f293b13cf8f576f75bb9e23b77d 410
program271.cpp c0bb1c97dc461f55c915b487c002eed3 406
program272.cpp 22654fc931b92ca80b624f469b3d0f49 421
program273.cpp be5e2f5d1912c3de715fdeb0f23c6af8 465
program274.cpp 4d4bf6d9ce9bc974b2516d592bc36279 477
program275.cpp 79586a38e0e4b0076f585b98df235542 235
program276.cpp d08b08f72705e10a9a445d14eedc1706 210
program277.cpp 253de3f8094aa5155fa73d36629067b3 544
program278.cpp 5c511685e62fa65f9dd8641e1b1b83c0 661
program279.cpp 659a9f1c7ba44ecaed8c935dfed45716 693
program28.c bccf8b6a60c0775b37ce667c4df6e3ad 220
program280.cpp da9dc997b87e87124bb02a8a5f91bc87 695
program281.cpp b48eb2ab58ad1453b47d619de875500a 221
program282.cpp f12126f54c08c7d9d3d6ee0d99929571 206
program283.cpp 8a388dd9f1900d877da7802d76422c5c 229
program284.cpp e2ca84d561e44c8248bc6b9dcd9c892b 149
program285.cpp 4d450384513e5cc2c269b906fae7679b 217
program286.cpp 03e8ce2ba23a7ffd1106465914066f34 222
program287.cpp 9f513b50bb4541c8dfaa0a68134987c5 226
program288.cpp f497a77bd964b3616541b18e09089d9e 220
program289.cpp f246b762440bc7c1fa99f5fbd532686d 389
program29.c e75ca178a1aba175a95bd43e05d401a4 222
program290.cpp fe728bba87d4a0711ade18807d3672f6 233
program291.cpp 5be6075afe8c62eb59036408ed0106fd 329
program292.java 1b1ab6ac2d723939b53919a2d246fb53 246
program293.java 72f41ede33511f3ff350668bf05ee7e3 420
program294.java 443f0923152b265dca32ee0e2e02bfea 355
program295.java 055a20e7234b539d830c8178e0c9ac31 510
program296.java d727bc4d973f58e35e6608821a3690a5 616
program297.java 5859c141f392e92b031b46f3c662db86 777
program298.java 27810e2f93af220cce0fc0657b9c8f89 737
program299.java 0b825c683911a1360152b0effc826757 600
program3.class c5093d71a4a28dc96756cb9cd2313755 423
program3.java 2ad2af6ba9c758ec8c86780c13e1600f 115
program30.c 798ac1d89826a3c3b8962650bc3000ce 236
program300.java ee198aeb75008c54d146d3ea50e9b363 371
program301.java 92434a9d171d4e05fe813c595989c820 578
program302.java c6e52167f94ee49efbfb6abb920fcf19 641
program31.c bd7f2836482062490f0f44889baaf13b 219
program32.c a558dfd93309be00264b19a6bb082d6b 263
program33.c 84ba2e27c8860a112ddf2f518e7d2ca0 296
program34.c b3e78e27df9b20d1fbbae4d14528a508 226
program35.c b68958944f102af8eb1bf274d87ccea8 228
program36.c 80ede3d580d91007e475a77de9c0a53f 232
program37.c d43b394b178a7a6f963f1122fd68a0fd 343
program38.c d974121e8f659bda8aa736a7ac61d173 327
program39.c f41b4fe220aa12f1447d5db3b9abf5a9 334
program4.c 78909341f64ef11a3f0ac7bac68ed34a 138
program40.c 6e4cfa72026b97896f4652f9f3598c71 345
program41.c 314da802ca2e32e593d4839cd4163970 370
program42.c b39ea63464c945faefd6dad2e7eb39e5 419
program43.c 0a9d295ba592c1f2b40f5d212a7fa832 563
program44.c eb28853aa312ece4dbff7fa30d8df85e 599
program45.c 3f16e57386986db69d4f1dd94c78ffd1 493
program457.cpp d25f4066476e4bc241c076ca420d64c0 391
program458.cpp 728d9121e140f76867fec836a9bc2524 527
program459.cpp 227c53b5785fc1974aaa63bc4aec2e93 528
program46.c 949fd414fcc4dced4475adf69d4efd32 530
program460.cpp 53634591d804957fea593e220f622d25 404
program461.cpp 4b9b7ce62b1ca56ec7ed765746ee1202 419
program462.cpp 3dca0fc5cc141c40c3d403cea6f9e26c 465
program463.cpp daf85d581795d5f35a985baef354073b 436
program464.cpp 1fbea6da7d35f7fc033995eabe039613 475
program465.cpp 6bf1d250b3240f04f22f7d146918cc0e 645
program466.cpp c8594b04a591204b5e7c9fc62482b791 605
program467.cpp c7946550767c0325b891464deffe9fd1 783
program468.cpp 7db66a45b3c76596c151a8f8b7dd8127 910
program469.cpp d6baf595bb4dfa28db9ba30939941aac 1056
program47.c 74b598eca40d73630696cc05906f1a8d 346
program470.cpp fab9b13fe0c1dd2b48cdd6525f8cd304 423
program471.cpp b7ad0bfe72a081204dc73f5d0a56064a 464
program472.cpp 8976d96203a42825ff17cb706921ba6c 597
program473.cpp f280dac94f52f08b477c4a55ef4eb099 1197
program474.cpp 4086d3ec317a7a323ee36bfdd97b8292 1410
program475.cpp 68339aa2e97e8c9a2c10752dc68dd5fc 1416
program476.cpp 126ad63387fae8b280ee860f00e3cd68 1749
program477.cpp ddbbad3759e3e4205b10178ffb8430d3 2103
program478.cpp 96e189e9078a9d25e3297ca9e5ca7b05 2266
program48.c 4b6847a0294b3ac9eeb6069a3d58a205 439
program49.c 44bbc567e15cae71fe2559eb6d31a27f 445
program5.c 9d06ec712d05d9d79fa6204c7fbf356a 282
program50.c 38887678dc237cde506e7d8b3c045e06 448
program51.c e07497be460ab91436510e56b2d39b3d 497
program52.c a914503f93eedf8ede5ad2309244f1a1 500
program53.c 701472867f5dbd675bd27c35a75a2905 678
program54.c ee9fb48d332ad3451c00aa9fad01de6b 774
program55.c be7571ea0ab26e7cfc2ed0e1decc37ad 915
program56.c 6ce4e7a254aae24d8105b4eeee366757 1147
program57.c 4c225b49299543787634d95f987077cb 786
program58.c 8d22fa80ca7788e3bf031a6a38417798 810
program59.c 65b7a3feaa137fd397c661e3733585cf 805
program6.c 8bff8db613a8421b34267b810580a58a 362
program6.cpp 5eabdbf19f4c93c214a69761a8318083 394
program60.c 970f22e27c821d23a8721b250717d256 372
program61.c f73c9d1db3482ec936f0a42886364caa 552
program615.java 7b01ead53e785b705f79b058d6a38a6c 259
program616.java 6c97e83d5cd846dd6d1fcfb3335d6f01 212
program617.java 496d639305d5ffe7b4365f27f72e93bc 266
program618.java ed21a48edcdd775d36047705f266c6bb 180
program619.java fd648239daf45e805da51d51a6c76b23 1035
program62.c d2aa2a1d54f4de9c3d7eebf26ce721af 1013
program620.java 49c51bfef74684aa8b707f4b3259ace4 709
program621.java 49c51bfef74684aa8b707f4b3259ace4 709
program622.java 297f39664080ecbd834acce9337fa02f 1596
program623.java cfa0fc9a0a53f8f1f6dc0ea6ddbe9263 1799
program624.java c28262a180d17d34f3e0635f80eaeed8 571
program625.java 71c4f2d6746f885af699824573f95921 604
program626.java 04891ea51f47d9e275d02d19b22ee798 588
program627.java 8977cbb8c52c84c075497e21d4dd81f6 606
program628.java 16f0f8ce0cc56ba26c6fed7fe0aef922 569
program629.java 26b45c7fe15f7a7d4dd0044cf4375f2d 567
program63.c 8daef07b7dfbbb4fcde251fc0c732196 1015
program630.java b44e0156f9c744e57a5d2d46f8adbe27 607
program631.java 3135bf146be5d4593f583883ce2cecca 245
program632.java 14b9daad919979994b3dbcc7a2d81435 245
program633.java d5b969e0d055ff07757bd95f43baaeec 720
program634.java 6357380d272f9b870216a8617d10d8a0 364
program64.c 7d6fe995a3c7ce27dc770327ec0f6ad1 1429
program65.c ad2fd42318b2064983f568a66294c675 533
program66.c 0d576b04c9098fe56b90d929c8238231 588
program67.c bbdc74989711ac1c8ad83f076a412c42 659
program68.c 4a8a9c0b68072fec93b6df9bdf293635 441
program69.c 92de77e204e41364cfe349a4bd2eeacb 401
program7.c acebf1d9a74f1c9b26171c755d44fe83 446
program70.c 8e199ca0ff31da0a93aa651ab25545c3 423
program71.c 35005526b0e2095c9be20b319b98c271 465
program72.java 44ac01071ad721fa7b1bf823e7778d15 272
program73.java 6a2b841174f1b98101ef8f6360c9f63e 426
program74.java 79d67977d2eed345ed9219380709fbd2 502
program75.java ac7815c6e5df28f09db737a893934783 560
program76.java 9b04cd12dddd5e760977c36cdb88ccb5 530
program77.java a85bbdb6a702ad69067eef07ffd3c27a 600
program78.java df8fd6946579fdd0f97174b587ab7ef4 689
program79.java 4ecac6a22dc457f7eb567cfe65c6a3f3 932
program8.c b265ca3979d57bc8bf2f61cc8084cb29 850
program80.java cfbf1c73c78532c95141739858c116e8 1065
program81.java dadf2ca8b4b81c85abf2243887879c85 1138
program82.java f02ea65b76ea54c5193d8d1f36727d97 1052
program83.java 5274cd9718a0b3b75057756a19e52408 1143
program84.java 7db2c99db1a5bba10be56009da185539 1100
program85.java f1c68d09564ab52b617ba81dd43e4530 1145
program86.java 9d54e19d4b6050b9fb65ddc08ceeade0 777
program87.java 873ddc54c172ded408d645cd2fa59eee 842
program88.java 037fe7460eacb7d3c13ba2ccc965ba99 886
program89.java aac7484265cd72982c3a75c5130b02ba 930
program9.c e2c7b1d125728c3030578269ed50f783 1044
program90.java e47e071aed1dd0716297bef6ef979b1e 656
program91.java c12462eafc601803843f12cb3df0f46b 781
program92.class b84e67cd9832fde850312b82b827a07d 963
program92.java 740d9ad69cfb3c802ef8a8d2506da33d 317
program93.java e09526862e6b8bf0e625d3600755f99f 292
program94.java ca85c5e3a91c823121c35e8479ed9d24 356
program95.java eec4da6b9918ae8428fff6d77e3c78c1 314
program96.java 58976bc6fb7330b2a81ecf6368a8519f 334
program97.java e1f09667546fa08550c91a43d666de93 436
program98.java 848e9abaef97bb92e3e05ee00a6cbfbc 780
program99.java 450875fb3685c7f2caa676e4d4bb58d8 886
programhari.c 29df3cffba1fcb43c0286eba8a534eba 811
------------------------------------------------------------
